tasm version 4.1.0
Command: tasm /home/lanceb247/hand_shape_files/44/44.shape
Reading /home/lanceb247/hand_shape_files/44/44.shape: 15 shapes
Using all 15 shapes matching mask 0x700 0x0 (44_2 ... 44_81)
(Mask0 0x700 is BadImg Cropped Obscured)
--- Generating the shape model ---
Reference shape 44_2 is at index 0 and has 77 landmarks
Mean shape outermost points (52,4) angle -9.85 degrees, eye angle 85.3 degrees
98% percent variance is explained by the first 10 shape eigs: 67 10 8 3 3 2 2 1 1 1%
Generating mean shape aligned to the facedets 
    no facedets in the shapefile
44_2:Open /home/lanceb247/hand_shape_files/44/44_2.jpg unsuccessful, trying next
Open /home/lanceb247/hand_shape_files/44/44_2.bmp unsuccessful, trying next
Open /home/lanceb247/hand_shape_files/44/44_2.pgm unsuccessful, trying next
Open /home/lanceb247/hand_shape_files/44/44_2.png 
Open ../data/../tasm/landtab/new_hand.xml

    44_2: found face in the image... 
    44_2: false positive in the image, skipping... 
44_3:Open /home/lanceb247/hand_shape_files/44/44_3.png

    44_3: found face in the image... 
    44_3: false positive in the image, skipping... 
44_4:Open /home/lanceb247/hand_shape_files/44/44_4.png

    44_4: found face in the image... 
    44_4: false positive in the image, skipping... 
44_5:Open /home/lanceb247/hand_shape_files/44/44_5.png

    44_5: found face in the image... 
    44_5: false positive in the image, skipping... 
44_6:Open /home/lanceb247/hand_shape_files/44/44_6.png

    44_6: found face in the image... 

Generating tasmout/log/facedet.shape 
44_7:Open /home/lanceb247/hand_shape_files/44/44_7.png

    44_7: found face in the image... 
    44_7: false positive in the image, skipping... 
44_17:Open /home/lanceb247/hand_shape_files/44/44_17.png

    44_17: found face in the image... 
    44_17: false positive in the image, skipping... 
44_50:Open /home/lanceb247/hand_shape_files/44/44_50.png

    44_50: found face in the image... 
44_55:Open /home/lanceb247/hand_shape_files/44/44_55.png

    44_55: found face in the image... 
44_76:Open /home/lanceb247/hand_shape_files/44/44_76.png

    44_76: found face in the image... 
44_77:Open /home/lanceb247/hand_shape_files/44/44_77.png

    44_77: found face in the image... 
44_78:Open /home/lanceb247/hand_shape_files/44/44_78.png

    44_78: found face in the image... 
44_79:Open /home/lanceb247/hand_shape_files/44/44_79.png

    44_79: found face in the image... 
44_80:Open /home/lanceb247/hand_shape_files/44/44_80.png

    44_80: found face in the image... 
44_81:Open /home/lanceb247/hand_shape_files/44/44_81.png

    44_81: found face in the image... 
    44_81: false positive in the image, skipping... 
Done generating mean shape aligned to the facedets
    15 faces detected (100.00%), 0 facedets in the shapefile, 15 facedets in the images
    7 facedet false positives, 0 shapes with missing landmarks
    8 faces actually used (valid facedet and all points) (53.33% of the shapes in the shapefile)
Generating tasmout/mh/yaw00_shapemodel.mh
[20.7 secs to generate the shape model]
Open /home/lanceb247/hand_shape_files/44/44_2.png
--- Generating images for manual checking the 77 point landmark table ---
    tasmout/log/landmark00.bmp...
    tasmout/log/landmark01.bmp...
    tasmout/log/landmark02.bmp...
    tasmout/log/landmark03.bmp...
    tasmout/log/landmark04.bmp...
    tasmout/log/landmark05.bmp...
    tasmout/log/landmark06.bmp...
    tasmout/log/landmark07.bmp...
    tasmout/log/landmark08.bmp...
    tasmout/log/landmark09.bmp...
    tasmout/log/landmark10.bmp...
    tasmout/log/landmark11.bmp...
    tasmout/log/landmark12.bmp...
    tasmout/log/landmark13.bmp...
    tasmout/log/landmark14.bmp...
    tasmout/log/landmark15.bmp...
    tasmout/log/landmark16.bmp...
    tasmout/log/landmark17.bmp...
    tasmout/log/landmark18.bmp...
    tasmout/log/landmark19.bmp...
    tasmout/log/landmark20.bmp...
    tasmout/log/landmark21.bmp...
    tasmout/log/landmark22.bmp...
    tasmout/log/landmark23.bmp...
    tasmout/log/landmark24.bmp...
    tasmout/log/landmark25.bmp...
    tasmout/log/landmark26.bmp...
    tasmout/log/landmark27.bmp...
    tasmout/log/landmark28.bmp...
    tasmout/log/landmark29.bmp...
    tasmout/log/landmark30.bmp...
    tasmout/log/landmark31.bmp...
    tasmout/log/landmark32.bmp...
    tasmout/log/landmark33.bmp...
    tasmout/log/landmark34.bmp...
    tasmout/log/landmark35.bmp...
    tasmout/log/landmark36.bmp...
    tasmout/log/landmark37.bmp...
    tasmout/log/landmark38.bmp...
    tasmout/log/landmark39.bmp...
    tasmout/log/landmark40.bmp...
    tasmout/log/landmark41.bmp...
    tasmout/log/landmark42.bmp...
    tasmout/log/landmark43.bmp...
    tasmout/log/landmark44.bmp...
    tasmout/log/landmark45.bmp...
    tasmout/log/landmark46.bmp...
    tasmout/log/landmark47.bmp...
    tasmout/log/landmark48.bmp...
    tasmout/log/landmark49.bmp...
    tasmout/log/landmark50.bmp...
    tasmout/log/landmark51.bmp...
    tasmout/log/landmark52.bmp...
    tasmout/log/landmark53.bmp...
    tasmout/log/landmark54.bmp...
    tasmout/log/landmark55.bmp...
    tasmout/log/landmark56.bmp...
    tasmout/log/landmark57.bmp...
    tasmout/log/landmark58.bmp...
    tasmout/log/landmark59.bmp...
    tasmout/log/landmark60.bmp...
    tasmout/log/landmark61.bmp...
    tasmout/log/landmark62.bmp...
    tasmout/log/landmark63.bmp...
    tasmout/log/landmark64.bmp...
    tasmout/log/landmark65.bmp...
    tasmout/log/landmark66.bmp...
    tasmout/log/landmark67.bmp...
    tasmout/log/landmark68.bmp...
    tasmout/log/landmark69.bmp...
    tasmout/log/landmark70.bmp...
    tasmout/log/landmark71.bmp...
    tasmout/log/landmark72.bmp...
    tasmout/log/landmark73.bmp...
    tasmout/log/landmark74.bmp...
    tasmout/log/landmark75.bmp...
    tasmout/log/landmark76.bmp...
    tasmout/log/meanshape.bmp
    tasmout/log/shape17.bmp
    tasmout/log/shape20.bmp
    tasmout/log/shape22.bmp
    tasmout/log/shape68.bmp
    tasmout/log/shape76.bmp
    tasmout/log/shape_all77.bmp
No points have partners in the 77 point landmark table
--- Generating yaw00.mh from the landmark table ---
Generating tasmout/mh/yaw00.mh
--- Generating the descriptor models from 15 shapes ---
Pyramid level 0 reading 15 training images 
Open /home/lanceb247/hand_shape_files/44/44_2.png
Open /home/lanceb247/hand_shape_files/44/44_3.png
Open /home/lanceb247/hand_shape_files/44/44_4.png
Open /home/lanceb247/hand_shape_files/44/44_5.png
Open /home/lanceb247/hand_shape_files/44/44_6.png
Open /home/lanceb247/hand_shape_files/44/44_7.png
Open /home/lanceb247/hand_shape_files/44/44_17.png
Open /home/lanceb247/hand_shape_files/44/44_50.png
Open /home/lanceb247/hand_shape_files/44/44_55.png
Open /home/lanceb247/hand_shape_files/44/44_76.png
Open /home/lanceb247/hand_shape_files/44/44_77.png
Open /home/lanceb247/hand_shape_files/44/44_78.png
Open /home/lanceb247/hand_shape_files/44/44_79.png
Open /home/lanceb247/hand_shape_files/44/44_80.png
Open /home/lanceb247/hand_shape_files/44/44_81.png
[1.5 secs]
Generating pyramid level 0 models 
Generating tasmout/mh/yaw00_lev0_p00_classic.mh...

Generating tasmout/mh/yaw00_lev0_p01_classic.mh...

Generating tasmout/mh/yaw00_lev0_p02_classic.mh...

Generating tasmout/mh/yaw00_lev0_p03_classic.mh...

Generating tasmout/mh/yaw00_lev0_p04_classic.mh...

Generating tasmout/mh/yaw00_lev0_p05_classic.mh...

Generating tasmout/mh/yaw00_lev0_p06_classic.mh...

Generating tasmout/mh/yaw00_lev0_p07_classic.mh...

Generating tasmout/mh/yaw00_lev0_p08_classic.mh...

Generating tasmout/mh/yaw00_lev0_p09_classic.mh...

Generating tasmout/mh/yaw00_lev0_p10_classic.mh...

Generating tasmout/mh/yaw00_lev0_p11_classic.mh...

Generating tasmout/mh/yaw00_lev0_p12_classic.mh...

Generating tasmout/mh/yaw00_lev0_p13_classic.mh...

Generating tasmout/mh/yaw00_lev0_p14_classic.mh...

Generating tasmout/mh/yaw00_lev0_p15_classic.mh...

Generating tasmout/mh/yaw00_lev0_p16_classic.mh...

Generating tasmout/mh/yaw00_lev0_p17_classic.mh...

Generating tasmout/mh/yaw00_lev0_p18_classic.mh...

Generating tasmout/mh/yaw00_lev0_p19_classic.mh...

Generating tasmout/mh/yaw00_lev0_p20_classic.mh...

Generating tasmout/mh/yaw00_lev0_p21_classic.mh...

Generating tasmout/mh/yaw00_lev0_p22_classic.mh...

Generating tasmout/mh/yaw00_lev0_p23_classic.mh...

Generating tasmout/mh/yaw00_lev0_p24_classic.mh...

Generating tasmout/mh/yaw00_lev0_p25_classic.mh...

Generating tasmout/mh/yaw00_lev0_p26_classic.mh...

Generating tasmout/mh/yaw00_lev0_p27_classic.mh...

Generating tasmout/mh/yaw00_lev0_p28_classic.mh...

Generating tasmout/mh/yaw00_lev0_p29_classic.mh...

Generating tasmout/mh/yaw00_lev0_p30_classic.mh...

Generating tasmout/mh/yaw00_lev0_p31_classic.mh...

Generating tasmout/mh/yaw00_lev0_p32_classic.mh...

Generating tasmout/mh/yaw00_lev0_p33_classic.mh...

Generating tasmout/mh/yaw00_lev0_p34_classic.mh...

Generating tasmout/mh/yaw00_lev0_p35_classic.mh...

Generating tasmout/mh/yaw00_lev0_p36_classic.mh...

Generating tasmout/mh/yaw00_lev0_p37_classic.mh...

Generating tasmout/mh/yaw00_lev0_p38_classic.mh...

Generating tasmout/mh/yaw00_lev0_p39_classic.mh...

Generating tasmout/mh/yaw00_lev0_p40_classic.mh...

Generating tasmout/mh/yaw00_lev0_p41_classic.mh...

Generating tasmout/mh/yaw00_lev0_p42_classic.mh...

Generating tasmout/mh/yaw00_lev0_p43_classic.mh...

Generating tasmout/mh/yaw00_lev0_p44_classic.mh...

Generating tasmout/mh/yaw00_lev0_p45_classic.mh...

Generating tasmout/mh/yaw00_lev0_p46_classic.mh...

Generating tasmout/mh/yaw00_lev0_p47_classic.mh...

Generating tasmout/mh/yaw00_lev0_p48_classic.mh...

Generating tasmout/mh/yaw00_lev0_p49_classic.mh...

Generating tasmout/mh/yaw00_lev0_p50_classic.mh...

Generating tasmout/mh/yaw00_lev0_p51_classic.mh...

Generating tasmout/mh/yaw00_lev0_p52_classic.mh...

Generating tasmout/mh/yaw00_lev0_p53_classic.mh...

Generating tasmout/mh/yaw00_lev0_p54_classic.mh...

Generating tasmout/mh/yaw00_lev0_p55_classic.mh...

Generating tasmout/mh/yaw00_lev0_p56_classic.mh...

Generating tasmout/mh/yaw00_lev0_p57_classic.mh...

Generating tasmout/mh/yaw00_lev0_p58_classic.mh...

Generating tasmout/mh/yaw00_lev0_p59_classic.mh...

Generating tasmout/mh/yaw00_lev0_p60_classic.mh...

Generating tasmout/mh/yaw00_lev0_p61_classic.mh...

Generating tasmout/mh/yaw00_lev0_p62_classic.mh...

Generating tasmout/mh/yaw00_lev0_p63_classic.mh...

Generating tasmout/mh/yaw00_lev0_p64_classic.mh...

Generating tasmout/mh/yaw00_lev0_p65_classic.mh...

Generating tasmout/mh/yaw00_lev0_p66_classic.mh...

Generating tasmout/mh/yaw00_lev0_p67_classic.mh...

Generating tasmout/mh/yaw00_lev0_p68_classic.mh...

Generating tasmout/mh/yaw00_lev0_p69_classic.mh...

Generating tasmout/mh/yaw00_lev0_p70_classic.mh...

Generating tasmout/mh/yaw00_lev0_p71_classic.mh...

Generating tasmout/mh/yaw00_lev0_p72_classic.mh...

Generating tasmout/mh/yaw00_lev0_p73_classic.mh...

Generating tasmout/mh/yaw00_lev0_p74_classic.mh...

Generating tasmout/mh/yaw00_lev0_p75_classic.mh...

Generating tasmout/mh/yaw00_lev0_p76_classic.mh...
 [0.0 secs]
Pyramid level 1 reading 15 training images 
Open /home/lanceb247/hand_shape_files/44/44_2.png
Open /home/lanceb247/hand_shape_files/44/44_3.png
Open /home/lanceb247/hand_shape_files/44/44_4.png
Open /home/lanceb247/hand_shape_files/44/44_5.png
Open /home/lanceb247/hand_shape_files/44/44_6.png
Open /home/lanceb247/hand_shape_files/44/44_7.png
Open /home/lanceb247/hand_shape_files/44/44_17.png
Open /home/lanceb247/hand_shape_files/44/44_50.png
Open /home/lanceb247/hand_shape_files/44/44_55.png
Open /home/lanceb247/hand_shape_files/44/44_76.png
Open /home/lanceb247/hand_shape_files/44/44_77.png
Open /home/lanceb247/hand_shape_files/44/44_78.png
Open /home/lanceb247/hand_shape_files/44/44_79.png
Open /home/lanceb247/hand_shape_files/44/44_80.png
Open /home/lanceb247/hand_shape_files/44/44_81.png
[1.0 secs]
Generating pyramid level 1 models 
Generating tasmout/mh/yaw00_lev1_p00_classic.mh...

Generating tasmout/mh/yaw00_lev1_p01_classic.mh...

Generating tasmout/mh/yaw00_lev1_p02_classic.mh...

Generating tasmout/mh/yaw00_lev1_p03_classic.mh...

Generating tasmout/mh/yaw00_lev1_p04_classic.mh...

Generating tasmout/mh/yaw00_lev1_p05_classic.mh...

Generating tasmout/mh/yaw00_lev1_p06_classic.mh...

Generating tasmout/mh/yaw00_lev1_p07_classic.mh...

Generating tasmout/mh/yaw00_lev1_p08_classic.mh...

Generating tasmout/mh/yaw00_lev1_p09_classic.mh...

Generating tasmout/mh/yaw00_lev1_p10_classic.mh...

Generating tasmout/mh/yaw00_lev1_p11_classic.mh...

Generating tasmout/mh/yaw00_lev1_p12_classic.mh...

Generating tasmout/mh/yaw00_lev1_p13_classic.mh...

Generating tasmout/mh/yaw00_lev1_p14_classic.mh...

Generating tasmout/mh/yaw00_lev1_p15_classic.mh...

Generating tasmout/mh/yaw00_lev1_p16_classic.mh...

Generating tasmout/mh/yaw00_lev1_p17_classic.mh...

Generating tasmout/mh/yaw00_lev1_p18_classic.mh...

Generating tasmout/mh/yaw00_lev1_p19_classic.mh...

Generating tasmout/mh/yaw00_lev1_p20_classic.mh...

Generating tasmout/mh/yaw00_lev1_p21_classic.mh...
no more prints of the above message (printed == 100)
 [0.0 secs]
Pyramid level 2 reading 15 training images 
Open /home/lanceb247/hand_shape_files/44/44_2.png
Open /home/lanceb247/hand_shape_files/44/44_3.png
Open /home/lanceb247/hand_shape_files/44/44_4.png
Open /home/lanceb247/hand_shape_files/44/44_5.png
Open /home/lanceb247/hand_shape_files/44/44_6.png
Open /home/lanceb247/hand_shape_files/44/44_7.png
Open /home/lanceb247/hand_shape_files/44/44_17.png
Open /home/lanceb247/hand_shape_files/44/44_50.png
Open /home/lanceb247/hand_shape_files/44/44_55.png
Open /home/lanceb247/hand_shape_files/44/44_76.png
Open /home/lanceb247/hand_shape_files/44/44_77.png
Open /home/lanceb247/hand_shape_files/44/44_78.png
Open /home/lanceb247/hand_shape_files/44/44_79.png
Open /home/lanceb247/hand_shape_files/44/44_80.png
Open /home/lanceb247/hand_shape_files/44/44_81.png
[0.9 secs]
Generating pyramid level 2 models  [0.0 secs]
Pyramid level 3 reading 15 training images 
Open /home/lanceb247/hand_shape_files/44/44_2.png
Open /home/lanceb247/hand_shape_files/44/44_3.png
Open /home/lanceb247/hand_shape_files/44/44_4.png
Open /home/lanceb247/hand_shape_files/44/44_5.png
Open /home/lanceb247/hand_shape_files/44/44_6.png
Open /home/lanceb247/hand_shape_files/44/44_7.png
Open /home/lanceb247/hand_shape_files/44/44_17.png
Open /home/lanceb247/hand_shape_files/44/44_50.png
Open /home/lanceb247/hand_shape_files/44/44_55.png
Open /home/lanceb247/hand_shape_files/44/44_76.png
Open /home/lanceb247/hand_shape_files/44/44_77.png
Open /home/lanceb247/hand_shape_files/44/44_78.png
Open /home/lanceb247/hand_shape_files/44/44_79.png
Open /home/lanceb247/hand_shape_files/44/44_80.png
Open /home/lanceb247/hand_shape_files/44/44_81.png
[0.8 secs]
Generating pyramid level 3 models  [0.0 secs]
[Total time 26.5 secs, 0% physical mem all processes, 0MB peak this process]
